  Skaiciavimaidarbai.cpp
C:\Users\skirm\Documents\GitHub\objektinis1\ConsoleApplication1\ConsoleApplication1\Skaiciavimaidarbai.h(9,6): error C2182: 'Rikiavimas': this use of 'void' is not valid
  (compiling source file 'Skaiciavimaidarbai.cpp')
  
C:\Users\skirm\Documents\GitHub\objektinis1\ConsoleApplication1\ConsoleApplication1\Skaiciavimaidarbai.h(9,17): error C2065: 'vector': undeclared identifier
  (compiling source file 'Skaiciavimaidarbai.cpp')
  
C:\Users\skirm\Documents\GitHub\objektinis1\ConsoleApplication1\ConsoleApplication1\Skaiciavimaidarbai.h(9,24): error C2062: type 'double' unexpected
  (compiling source file 'Skaiciavimaidarbai.cpp')
  
C:\Users\skirm\Documents\GitHub\objektinis1\ConsoleApplication1\ConsoleApplication1\Skaiciavimaidarbai.h(10,28): error C4430: missing type specifier - int assumed. Note: C++ does not support default-int
  (compiling source file 'Skaiciavimaidarbai.cpp')
  
C:\Users\skirm\Documents\GitHub\objektinis1\ConsoleApplication1\ConsoleApplication1\Skaiciavimaidarbai.h(10,28): error C2143: syntax error: missing ',' before '<'
  (compiling source file 'Skaiciavimaidarbai.cpp')
  
C:\Users\skirm\Documents\GitHub\objektinis1\ConsoleApplication1\ConsoleApplication1\Skaiciavimaidarbai.h(12,32): error C4430: missing type specifier - int assumed. Note: C++ does not support default-int
  (compiling source file 'Skaiciavimaidarbai.cpp')
  
C:\Users\skirm\Documents\GitHub\objektinis1\ConsoleApplication1\ConsoleApplication1\Skaiciavimaidarbai.h(12,32): error C2143: syntax error: missing ',' before '<'
  (compiling source file 'Skaiciavimaidarbai.cpp')
  
C:\Users\skirm\Documents\GitHub\objektinis1\ConsoleApplication1\ConsoleApplication1\Skaiciavimaidarbai.cpp(12,6): error C2365: 'Rikiavimas': redefinition; previous definition was 'data variable'
  C:\Users\skirm\Documents\GitHub\objektinis1\ConsoleApplication1\ConsoleApplication1\Skaiciavimaidarbai.h(9,6):
  see declaration of 'Rikiavimas'
  
C:\Users\skirm\Documents\GitHub\objektinis1\ConsoleApplication1\ConsoleApplication1\Skaiciavimaidarbai.cpp(20,20): warning C4267: 'initializing': conversion from 'size_t' to 'int', possible loss of data
C:\Users\skirm\Documents\GitHub\objektinis1\ConsoleApplication1\ConsoleApplication1\Skaiciavimaidarbai.cpp(40,13): error C3861: 'setw': identifier not found
C:\Users\skirm\Documents\GitHub\objektinis1\ConsoleApplication1\ConsoleApplication1\Skaiciavimaidarbai.cpp(40,38): error C3861: 'setw': identifier not found
C:\Users\skirm\Documents\GitHub\objektinis1\ConsoleApplication1\ConsoleApplication1\Skaiciavimaidarbai.cpp(40,62): error C3861: 'setw': identifier not found
C:\Users\skirm\Documents\GitHub\objektinis1\ConsoleApplication1\ConsoleApplication1\Skaiciavimaidarbai.cpp(40,102): error C3861: 'setw': identifier not found
C:\Users\skirm\Documents\GitHub\objektinis1\ConsoleApplication1\ConsoleApplication1\Skaiciavimaidarbai.cpp(44,17): error C3861: 'setw': identifier not found
C:\Users\skirm\Documents\GitHub\objektinis1\ConsoleApplication1\ConsoleApplication1\Skaiciavimaidarbai.cpp(44,45): error C3861: 'setw': identifier not found
C:\Users\skirm\Documents\GitHub\objektinis1\ConsoleApplication1\ConsoleApplication1\Skaiciavimaidarbai.cpp(44,72): error C3861: 'setw': identifier not found
C:\Users\skirm\Documents\GitHub\objektinis1\ConsoleApplication1\ConsoleApplication1\Skaiciavimaidarbai.cpp(44,93): error C3861: 'setprecision': identifier not found
C:\Users\skirm\Documents\GitHub\objektinis1\ConsoleApplication1\ConsoleApplication1\Skaiciavimaidarbai.cpp(44,143): error C3861: 'setw': identifier not found
C:\Users\skirm\Documents\GitHub\objektinis1\ConsoleApplication1\ConsoleApplication1\Skaiciavimaidarbai.cpp(44,164): error C3861: 'setprecision': identifier not found
