  ConsoleApplication1.cpp
C:\Users\skirm\Documents\GitHub\objektinis1\ConsoleApplication1\ConsoleApplication1\ConsoleApplication1.cpp(55,25): error C2678: binary '==': no operator found which takes a left-hand operand of type 'std::basic_istream<char,std::char_traits<char>>' (or there is no acceptable conversion)
  C:\Users\skirm\Documents\GitHub\objektinis1\ConsoleApplication1\ConsoleApplication1\ConsoleApplication1.cpp(55,25):
  could be 'built-in C++ operator==(const char [1], const char [1])'
  C:\Program Files\Microsoft Visual Studio\2022\Community\VC\Tools\MSVC\14.38.33130\include\memory(3555,17):
  or       'bool std::operator ==(std::nullptr_t,const std::unique_ptr<_Ty,_Dx> &) noexcept'
  	C:\Users\skirm\Documents\GitHub\objektinis1\ConsoleApplication1\ConsoleApplication1\ConsoleApplication1.cpp(55,25):
  	'bool std::operator ==(std::nullptr_t,const std::unique_ptr<_Ty,_Dx> &) noexcept': could not deduce template argument for 'const std::unique_ptr<_Ty,_Dx> &' from 'const char [1]'
  C:\Program Files\Microsoft Visual Studio\2022\Community\VC\Tools\MSVC\14.38.33130\include\memory(3549,30):
  or       'bool std::operator ==(const std::unique_ptr<_Ty,_Dx> &,std::nullptr_t) noexcept'
  	C:\Users\skirm\Documents\GitHub\objektinis1\ConsoleApplication1\ConsoleApplication1\ConsoleApplication1.cpp(55,25):
  	'bool std::operator ==(const std::unique_ptr<_Ty,_Dx> &,std::nullptr_t) noexcept': could not deduce template argument for 'const std::unique_ptr<_Ty,_Dx> &' from 'std::basic_istream<char,std::char_traits<char>>'
  C:\Program Files\Microsoft Visual Studio\2022\Community\VC\Tools\MSVC\14.38.33130\include\memory(3501,30):
  or       'bool std::operator ==(const std::unique_ptr<_Ty,_Dx> &,const std::unique_ptr<_Ty2,_Dx2> &)'
  	C:\Users\skirm\Documents\GitHub\objektinis1\ConsoleApplication1\ConsoleApplication1\ConsoleApplication1.cpp(55,25):
  	'bool std::operator ==(const std::unique_ptr<_Ty,_Dx> &,const std::unique_ptr<_Ty2,_Dx2> &)': could not deduce template argument for 'const std::unique_ptr<_Ty,_Dx> &' from 'std::basic_istream<char,std::char_traits<char>>'
  C:\Program Files\Microsoft Visual Studio\2022\Community\VC\Tools\MSVC\14.38.33130\include\memory(1922,17):
  or       'bool std::operator ==(std::nullptr_t,const std::shared_ptr<_Ty> &) noexcept'
  	C:\Users\skirm\Documents\GitHub\objektinis1\ConsoleApplication1\ConsoleApplication1\ConsoleApplication1.cpp(55,25):
  	'bool std::operator ==(std::nullptr_t,const std::shared_ptr<_Ty> &) noexcept': could not deduce template argument for 'const std::shared_ptr<_Ty> &' from 'const char [1]'
  C:\Program Files\Microsoft Visual Studio\2022\Community\VC\Tools\MSVC\14.38.33130\include\memory(1911,17):
  or       'bool std::operator ==(const std::shared_ptr<_Ty> &,std::nullptr_t) noexcept'
  	C:\Users\skirm\Documents\GitHub\objektinis1\ConsoleApplication1\ConsoleApplication1\ConsoleApplication1.cpp(55,25):
  	'bool std::operator ==(const std::shared_ptr<_Ty> &,std::nullptr_t) noexcept': could not deduce template argument for 'const std::shared_ptr<_Ty> &' from 'std::basic_istream<char,std::char_traits<char>>'
  C:\Program Files\Microsoft Visual Studio\2022\Community\VC\Tools\MSVC\14.38.33130\include\memory(1874,17):
  or       'bool std::operator ==(const std::shared_ptr<_Ty> &,const std::shared_ptr<_Ty0> &) noexcept'
  	C:\Users\skirm\Documents\GitHub\objektinis1\ConsoleApplication1\ConsoleApplication1\ConsoleApplication1.cpp(55,25):
  	'bool std::operator ==(const std::shared_ptr<_Ty> &,const std::shared_ptr<_Ty0> &) noexcept': could not deduce template argument for 'const std::shared_ptr<_Ty> &' from 'std::basic_istream<char,std::char_traits<char>>'
  C:\Program Files\Microsoft Visual Studio\2022\Community\VC\Tools\MSVC\14.38.33130\include\xstring(5042,17):
  or       'bool std::operator ==(const _Elem *const ,const std::basic_string<_Elem,_Traits,_Alloc> &)'
  	C:\Users\skirm\Documents\GitHub\objektinis1\ConsoleApplication1\ConsoleApplication1\ConsoleApplication1.cpp(55,25):
  	'bool std::operator ==(const _Elem *const ,const std::basic_string<_Elem,_Traits,_Alloc> &)': could not deduce template argument for 'const _Elem *const ' from 'std::basic_istream<char,std::char_traits<char>>'
  C:\Program Files\Microsoft Visual Studio\2022\Community\VC\Tools\MSVC\14.38.33130\include\xstring(5023,30):
  or       'bool std::operator ==(const std::basic_string<_Elem,_Traits,_Alloc> &,const _Elem *const )'
  	C:\Users\skirm\Documents\GitHub\objektinis1\ConsoleApplication1\ConsoleApplication1\ConsoleApplication1.cpp(55,25):
  	'bool std::operator ==(const std::basic_string<_Elem,_Traits,_Alloc> &,const _Elem *const )': could not deduce template argument for 'const std::basic_string<_Elem,_Traits,_Alloc> &' from 'std::basic_istream<char,std::char_traits<char>>'
  C:\Program Files\Microsoft Visual Studio\2022\Community\VC\Tools\MSVC\14.38.33130\include\xstring(5017,30):
  or       'bool std::operator ==(const std::basic_string<_Elem,_Traits,_Alloc> &,const std::basic_string<_Elem,_Traits,_Alloc> &) noexcept'
  	C:\Users\skirm\Documents\GitHub\objektinis1\ConsoleApplication1\ConsoleApplication1\ConsoleApplication1.cpp(55,25):
  	'bool std::operator ==(const std::basic_string<_Elem,_Traits,_Alloc> &,const std::basic_string<_Elem,_Traits,_Alloc> &) noexcept': could not deduce template argument for 'const std::basic_string<_Elem,_Traits,_Alloc> &' from 'std::basic_istream<char,std::char_traits<char>>'
  C:\Program Files\Microsoft Visual Studio\2022\Community\VC\Tools\MSVC\14.38.33130\include\xmemory(1038,30):
  or       'bool std::operator ==(const std::allocator<_Ty> &,const std::allocator<_Other> &) noexcept'
  	C:\Users\skirm\Documents\GitHub\objektinis1\ConsoleApplication1\ConsoleApplication1\ConsoleApplication1.cpp(55,25):
  	'bool std::operator ==(const std::allocator<_Ty> &,const std::allocator<_Other> &) noexcept': could not deduce template argument for 'const std::allocator<_Ty> &' from 'std::basic_istream<char,std::char_traits<char>>'
  C:\Program Files\Microsoft Visual Studio\2022\Community\VC\Tools\MSVC\14.38.33130\include\iterator(488,17):
  or       'bool std::operator ==(const std::istreambuf_iterator<_Elem,_Traits> &,const std::istreambuf_iterator<_Elem,_Traits> &)'
  	C:\Users\skirm\Documents\GitHub\objektinis1\ConsoleApplication1\ConsoleApplication1\ConsoleApplication1.cpp(55,25):
  	'bool std::operator ==(const std::istreambuf_iterator<_Elem,_Traits> &,const std::istreambuf_iterator<_Elem,_Traits> &)': could not deduce template argument for 'const std::istreambuf_iterator<_Elem,_Traits> &' from 'std::basic_istream<char,std::char_traits<char>>'
  C:\Program Files\Microsoft Visual Studio\2022\Community\VC\Tools\MSVC\14.38.33130\include\iterator(306,17):
  or       'bool std::operator ==(const std::istream_iterator<_Ty,_Elem,_Traits,_Diff> &,const std::istream_iterator<_Ty,_Elem,_Traits,_Diff> &) noexcept'
  	C:\Users\skirm\Documents\GitHub\objektinis1\ConsoleApplication1\ConsoleApplication1\ConsoleApplication1.cpp(55,25):
  	'bool std::operator ==(const std::istream_iterator<_Ty,_Elem,_Traits,_Diff> &,const std::istream_iterator<_Ty,_Elem,_Traits,_Diff> &) noexcept': could not deduce template argument for 'const std::istream_iterator<_Ty,_Elem,_Traits,_Diff> &' from 'std::basic_istream<char,std::char_traits<char>>'
  C:\Program Files\Microsoft Visual Studio\2022\Community\VC\Tools\MSVC\14.38.33130\include\xutility(4251,5):
  or       'bool std::operator ==(const std::move_iterator<_Iter> &,const std::move_iterator<_Iter2> &) noexcept(<expr>)'
  	C:\Users\skirm\Documents\GitHub\objektinis1\ConsoleApplication1\ConsoleApplication1\ConsoleApplication1.cpp(55,25):
  	'bool std::operator ==(const std::move_iterator<_Iter> &,const std::move_iterator<_Iter2> &) noexcept(<expr>)': could not deduce template argument for 'const std::move_iterator<_Iter> &' from 'std::basic_istream<char,std::char_traits<char>>'
  C:\Program Files\Microsoft Visual Studio\2022\Community\VC\Tools\MSVC\14.38.33130\include\xutility(1676,5):
  or       'bool std::operator ==(const std::reverse_iterator<_BidIt> &,const std::reverse_iterator<_BidIt2> &) noexcept(<expr>)'
  	C:\Users\skirm\Documents\GitHub\objektinis1\ConsoleApplication1\ConsoleApplication1\ConsoleApplication1.cpp(55,25):
  	'bool std::operator ==(const std::reverse_iterator<_BidIt> &,const std::reverse_iterator<_BidIt2> &) noexcept(<expr>)': could not deduce template argument for 'const std::reverse_iterator<_BidIt> &' from 'std::basic_istream<char,std::char_traits<char>>'
  C:\Program Files\Microsoft Visual Studio\2022\Community\VC\Tools\MSVC\14.38.33130\include\utility(490,27):
  or       'bool std::operator ==(const std::pair<_Ty1,_Ty2> &,const std::pair<_Uty1,_Uty2> &)'
  	C:\Users\skirm\Documents\GitHub\objektinis1\ConsoleApplication1\ConsoleApplication1\ConsoleApplication1.cpp(55,25):
  	'bool std::operator ==(const std::pair<_Ty1,_Ty2> &,const std::pair<_Uty1,_Uty2> &)': could not deduce template argument for 'const std::pair<_Ty1,_Ty2> &' from 'std::basic_istream<char,std::char_traits<char>>'
  C:\Users\skirm\Documents\GitHub\objektinis1\ConsoleApplication1\ConsoleApplication1\ConsoleApplication1.cpp(55,25):
  while trying to match the argument list '(std::basic_istream<char,std::char_traits<char>>, const char [1])'
  
C:\Users\skirm\Documents\GitHub\objektinis1\ConsoleApplication1\ConsoleApplication1\ConsoleApplication1.cpp(55,56): error C2678: binary '==': no operator found which takes a left-hand operand of type 'std::basic_istream<char,std::char_traits<char>>' (or there is no acceptable conversion)
  C:\Users\skirm\Documents\GitHub\objektinis1\ConsoleApplication1\ConsoleApplication1\ConsoleApplication1.cpp(55,56):
  could be 'built-in C++ operator==(const char [1], const char [1])'
  C:\Program Files\Microsoft Visual Studio\2022\Community\VC\Tools\MSVC\14.38.33130\include\memory(3555,17):
  or       'bool std::operator ==(std::nullptr_t,const std::unique_ptr<_Ty,_Dx> &) noexcept'
  	C:\Users\skirm\Documents\GitHub\objektinis1\ConsoleApplication1\ConsoleApplication1\ConsoleApplication1.cpp(55,56):
  	'bool std::operator ==(std::nullptr_t,const std::unique_ptr<_Ty,_Dx> &) noexcept': could not deduce template argument for 'const std::unique_ptr<_Ty,_Dx> &' from 'const char [1]'
  C:\Program Files\Microsoft Visual Studio\2022\Community\VC\Tools\MSVC\14.38.33130\include\memory(3549,30):
  or       'bool std::operator ==(const std::unique_ptr<_Ty,_Dx> &,std::nullptr_t) noexcept'
  	C:\Users\skirm\Documents\GitHub\objektinis1\ConsoleApplication1\ConsoleApplication1\ConsoleApplication1.cpp(55,56):
  	'bool std::operator ==(const std::unique_ptr<_Ty,_Dx> &,std::nullptr_t) noexcept': could not deduce template argument for 'const std::unique_ptr<_Ty,_Dx> &' from 'std::basic_istream<char,std::char_traits<char>>'
  C:\Program Files\Microsoft Visual Studio\2022\Community\VC\Tools\MSVC\14.38.33130\include\memory(3501,30):
  or       'bool std::operator ==(const std::unique_ptr<_Ty,_Dx> &,const std::unique_ptr<_Ty2,_Dx2> &)'
  	C:\Users\skirm\Documents\GitHub\objektinis1\ConsoleApplication1\ConsoleApplication1\ConsoleApplication1.cpp(55,56):
  	'bool std::operator ==(const std::unique_ptr<_Ty,_Dx> &,const std::unique_ptr<_Ty2,_Dx2> &)': could not deduce template argument for 'const std::unique_ptr<_Ty,_Dx> &' from 'std::basic_istream<char,std::char_traits<char>>'
  C:\Program Files\Microsoft Visual Studio\2022\Community\VC\Tools\MSVC\14.38.33130\include\memory(1922,17):
  or       'bool std::operator ==(std::nullptr_t,const std::shared_ptr<_Ty> &) noexcept'
  	C:\Users\skirm\Documents\GitHub\objektinis1\ConsoleApplication1\ConsoleApplication1\ConsoleApplication1.cpp(55,56):
  	'bool std::operator ==(std::nullptr_t,const std::shared_ptr<_Ty> &) noexcept': could not deduce template argument for 'const std::shared_ptr<_Ty> &' from 'const char [1]'
  C:\Program Files\Microsoft Visual Studio\2022\Community\VC\Tools\MSVC\14.38.33130\include\memory(1911,17):
  or       'bool std::operator ==(const std::shared_ptr<_Ty> &,std::nullptr_t) noexcept'
  	C:\Users\skirm\Documents\GitHub\objektinis1\ConsoleApplication1\ConsoleApplication1\ConsoleApplication1.cpp(55,56):
  	'bool std::operator ==(const std::shared_ptr<_Ty> &,std::nullptr_t) noexcept': could not deduce template argument for 'const std::shared_ptr<_Ty> &' from 'std::basic_istream<char,std::char_traits<char>>'
  C:\Program Files\Microsoft Visual Studio\2022\Community\VC\Tools\MSVC\14.38.33130\include\memory(1874,17):
  or       'bool std::operator ==(const std::shared_ptr<_Ty> &,const std::shared_ptr<_Ty0> &) noexcept'
  	C:\Users\skirm\Documents\GitHub\objektinis1\ConsoleApplication1\ConsoleApplication1\ConsoleApplication1.cpp(55,56):
  	'bool std::operator ==(const std::shared_ptr<_Ty> &,const std::shared_ptr<_Ty0> &) noexcept': could not deduce template argument for 'const std::shared_ptr<_Ty> &' from 'std::basic_istream<char,std::char_traits<char>>'
  C:\Program Files\Microsoft Visual Studio\2022\Community\VC\Tools\MSVC\14.38.33130\include\xstring(5042,17):
  or       'bool std::operator ==(const _Elem *const ,const std::basic_string<_Elem,_Traits,_Alloc> &)'
  	C:\Users\skirm\Documents\GitHub\objektinis1\ConsoleApplication1\ConsoleApplication1\ConsoleApplication1.cpp(55,56):
  	'bool std::operator ==(const _Elem *const ,const std::basic_string<_Elem,_Traits,_Alloc> &)': could not deduce template argument for 'const _Elem *const ' from 'std::basic_istream<char,std::char_traits<char>>'
  C:\Program Files\Microsoft Visual Studio\2022\Community\VC\Tools\MSVC\14.38.33130\include\xstring(5023,30):
  or       'bool std::operator ==(const std::basic_string<_Elem,_Traits,_Alloc> &,const _Elem *const )'
  	C:\Users\skirm\Documents\GitHub\objektinis1\ConsoleApplication1\ConsoleApplication1\ConsoleApplication1.cpp(55,56):
  	'bool std::operator ==(const std::basic_string<_Elem,_Traits,_Alloc> &,const _Elem *const )': could not deduce template argument for 'const std::basic_string<_Elem,_Traits,_Alloc> &' from 'std::basic_istream<char,std::char_traits<char>>'
  C:\Program Files\Microsoft Visual Studio\2022\Community\VC\Tools\MSVC\14.38.33130\include\xstring(5017,30):
  or       'bool std::operator ==(const std::basic_string<_Elem,_Traits,_Alloc> &,const std::basic_string<_Elem,_Traits,_Alloc> &) noexcept'
  	C:\Users\skirm\Documents\GitHub\objektinis1\ConsoleApplication1\ConsoleApplication1\ConsoleApplication1.cpp(55,56):
  	'bool std::operator ==(const std::basic_string<_Elem,_Traits,_Alloc> &,const std::basic_string<_Elem,_Traits,_Alloc> &) noexcept': could not deduce template argument for 'const std::basic_string<_Elem,_Traits,_Alloc> &' from 'std::basic_istream<char,std::char_traits<char>>'
  C:\Program Files\Microsoft Visual Studio\2022\Community\VC\Tools\MSVC\14.38.33130\include\xmemory(1038,30):
  or       'bool std::operator ==(const std::allocator<_Ty> &,const std::allocator<_Other> &) noexcept'
  	C:\Users\skirm\Documents\GitHub\objektinis1\ConsoleApplication1\ConsoleApplication1\ConsoleApplication1.cpp(55,56):
  	'bool std::operator ==(const std::allocator<_Ty> &,const std::allocator<_Other> &) noexcept': could not deduce template argument for 'const std::allocator<_Ty> &' from 'std::basic_istream<char,std::char_traits<char>>'
  C:\Program Files\Microsoft Visual Studio\2022\Community\VC\Tools\MSVC\14.38.33130\include\iterator(488,17):
  or       'bool std::operator ==(const std::istreambuf_iterator<_Elem,_Traits> &,const std::istreambuf_iterator<_Elem,_Traits> &)'
  	C:\Users\skirm\Documents\GitHub\objektinis1\ConsoleApplication1\ConsoleApplication1\ConsoleApplication1.cpp(55,56):
  	'bool std::operator ==(const std::istreambuf_iterator<_Elem,_Traits> &,const std::istreambuf_iterator<_Elem,_Traits> &)': could not deduce template argument for 'const std::istreambuf_iterator<_Elem,_Traits> &' from 'std::basic_istream<char,std::char_traits<char>>'
  C:\Program Files\Microsoft Visual Studio\2022\Community\VC\Tools\MSVC\14.38.33130\include\iterator(306,17):
  or       'bool std::operator ==(const std::istream_iterator<_Ty,_Elem,_Traits,_Diff> &,const std::istream_iterator<_Ty,_Elem,_Traits,_Diff> &) noexcept'
  	C:\Users\skirm\Documents\GitHub\objektinis1\ConsoleApplication1\ConsoleApplication1\ConsoleApplication1.cpp(55,56):
  	'bool std::operator ==(const std::istream_iterator<_Ty,_Elem,_Traits,_Diff> &,const std::istream_iterator<_Ty,_Elem,_Traits,_Diff> &) noexcept': could not deduce template argument for 'const std::istream_iterator<_Ty,_Elem,_Traits,_Diff> &' from 'std::basic_istream<char,std::char_traits<char>>'
  C:\Program Files\Microsoft Visual Studio\2022\Community\VC\Tools\MSVC\14.38.33130\include\xutility(4251,5):
  or       'bool std::operator ==(const std::move_iterator<_Iter> &,const std::move_iterator<_Iter2> &) noexcept(<expr>)'
  	C:\Users\skirm\Documents\GitHub\objektinis1\ConsoleApplication1\ConsoleApplication1\ConsoleApplication1.cpp(55,56):
  	'bool std::operator ==(const std::move_iterator<_Iter> &,const std::move_iterator<_Iter2> &) noexcept(<expr>)': could not deduce template argument for 'const std::move_iterator<_Iter> &' from 'std::basic_istream<char,std::char_traits<char>>'
  C:\Program Files\Microsoft Visual Studio\2022\Community\VC\Tools\MSVC\14.38.33130\include\xutility(1676,5):
  or       'bool std::operator ==(const std::reverse_iterator<_BidIt> &,const std::reverse_iterator<_BidIt2> &) noexcept(<expr>)'
  	C:\Users\skirm\Documents\GitHub\objektinis1\ConsoleApplication1\ConsoleApplication1\ConsoleApplication1.cpp(55,56):
  	'bool std::operator ==(const std::reverse_iterator<_BidIt> &,const std::reverse_iterator<_BidIt2> &) noexcept(<expr>)': could not deduce template argument for 'const std::reverse_iterator<_BidIt> &' from 'std::basic_istream<char,std::char_traits<char>>'
  C:\Program Files\Microsoft Visual Studio\2022\Community\VC\Tools\MSVC\14.38.33130\include\utility(490,27):
  or       'bool std::operator ==(const std::pair<_Ty1,_Ty2> &,const std::pair<_Uty1,_Uty2> &)'
  	C:\Users\skirm\Documents\GitHub\objektinis1\ConsoleApplication1\ConsoleApplication1\ConsoleApplication1.cpp(55,56):
  	'bool std::operator ==(const std::pair<_Ty1,_Ty2> &,const std::pair<_Uty1,_Uty2> &)': could not deduce template argument for 'const std::pair<_Ty1,_Ty2> &' from 'std::basic_istream<char,std::char_traits<char>>'
  C:\Users\skirm\Documents\GitHub\objektinis1\ConsoleApplication1\ConsoleApplication1\ConsoleApplication1.cpp(55,56):
  while trying to match the argument list '(std::basic_istream<char,std::char_traits<char>>, const char [1])'
  
